eeschema (2011-05-25)-stable  >> Creation date: Sáb 17 Mar 2012 01:53:33 WET

#Componente ( ordenação = Referência )
| C1         220n        
| D1         1N4007      
| D2         1N4007      
| D3         1N4007      
| D4         1N4007      
| D5         1N4007      
| D6         1N4007      
| D7         1N4007      
| D8         1N4007      
| D9         1N4007      
| D10        1N4007      
| D11        1N4007      
| D12        1N4007      
| K1         CONN_3      
| K2         CONN_3      
| P1         CONN_2      
| P2         CONN_2      
| P3         CONN_5      
| P4         CONN_5      
| P5         CONN_4      
| P6         CONN_5      
| P7         CONN_5      
| Q1         SUP85N03    
| Q2         SUP85N03    
| Q3         SUP85N03    
| Q4         SUP85N03    
| Q5         SUP85N03    
| Q6         SUP85N03    
| Q7         SUP85N03    
| Q8         SUP85N03    
| Q9         SUP85N03    
| Q10        SUP85N03    
| Q11        SUP85N03    
| Q12        SUP85N03    
| R1         200         
| R2         200         
| R3         200         
| R4         200         
| R5         200         
| R6         200         
| R7         1k          
| R8         1k          
| R9         1k          
| R10        1k          
| R11        1k          
| R12        1k          
| R13        1k          
| R14        1K          
| R15        1K          
| R16        1K          
| R17        1K          
| R18        1K          
| R19        1K          
| R20        1K          
| R21        1K          
| R22        1K          
| R23        1K          
| R24        1K          
| R25        1K          
| SW1        SW_PUSH     
| U1         CNY17-2     
| U2         CNY17-2     
| U3         CNY17-2     
| U4         CNY17-2     
| U5         CNY17-2     
| U6         CNY17-2     
| U7         PIC16F877A  
#Fim dos Componentes

#Componente ( ordenação = Valor )
| 1k           R7        
| 1k           R8        
| 1k           R9        
| 1k           R10       
| 1k           R11       
| 1k           R12       
| 1k           R13       
| 1K           R14       
| 1K           R15       
| 1K           R16       
| 1K           R17       
| 1K           R18       
| 1K           R19       
| 1K           R20       
| 1K           R21       
| 1K           R22       
| 1K           R23       
| 1K           R24       
| 1K           R25       
| 1N4007       D1        
| 1N4007       D2        
| 1N4007       D3        
| 1N4007       D4        
| 1N4007       D5        
| 1N4007       D6        
| 1N4007       D7        
| 1N4007       D8        
| 1N4007       D9        
| 1N4007       D10       
| 1N4007       D11       
| 1N4007       D12       
| 200          R1        
| 200          R2        
| 200          R3        
| 200          R4        
| 200          R5        
| 200          R6        
| 220n         C1        
| CNY17-2      U1        
| CNY17-2      U2        
| CNY17-2      U3        
| CNY17-2      U4        
| CNY17-2      U5        
| CNY17-2      U6        
| CONN_2       P1        
| CONN_2       P2        
| CONN_3       K1        
| CONN_3       K2        
| CONN_4       P5        
| CONN_5       P3        
| CONN_5       P4        
| CONN_5       P6        
| CONN_5       P7        
| PIC16F877A   U7        
| SUP85N03     Q1        
| SUP85N03     Q2        
| SUP85N03     Q3        
| SUP85N03     Q4        
| SUP85N03     Q5        
| SUP85N03     Q6        
| SUP85N03     Q7        
| SUP85N03     Q8        
| SUP85N03     Q9        
| SUP85N03     Q10       
| SUP85N03     Q11       
| SUP85N03     Q12       
| SW_PUSH      SW1       
#Fim dos Componentes

#Fim da Lista
